{"contracts/SafeMath.sol":{"l":{"9":0,"12":0,"16":0,"20":0,"23":0,"26":0,"29":0,"32":0,"35":0,"38":0,"41":0,"44":0,"45":0,"48":0,"49":0,"50":0,"51":0,"52":0,"53":0,"56":0},"path":"/media/sdc1/GitClient/swappet/lib/contracts/SafeMath.sol","s":{"1":0,"2":0,"3":0,"4":0,"5":0,"6":0,"7":0,"8":0,"9":0,"10":0,"11":0,"12":0,"13":0,"14":0,"15":0,"16":0,"17":0,"18":0,"19":0,"20":0,"21":0},"b":{"1":[0,0],"2":[0,0],"3":[0,0],"4":[0,0],"5":[0,0],"6":[0,0],"7":[0,0]},"f":{"1":0,"2":0,"3":0,"4":0,"5":0,"6":0,"7":0,"8":0,"9":0,"10":0,"11":0,"12":0,"13":0},"fnMap":{"1":{"name":"max","line":8,"loc":{"start":{"line":8,"column":4},"end":{"line":10,"column":4}}},"2":{"name":"min","line":11,"loc":{"start":{"line":11,"column":4},"end":{"line":13,"column":4}}},"3":{"name":"twins","line":15,"loc":{"start":{"line":15,"column":4},"end":{"line":17,"column":4}}},"4":{"name":"avg","line":19,"loc":{"start":{"line":19,"column":4},"end":{"line":21,"column":4}}},"5":{"name":"add","line":22,"loc":{"start":{"line":22,"column":4},"end":{"line":24,"column":4}}},"6":{"name":"sub","line":25,"loc":{"start":{"line":25,"column":4},"end":{"line":27,"column":4}}},"7":{"name":"sub","line":28,"loc":{"start":{"line":28,"column":4},"end":{"line":30,"column":4}}},"8":{"name":"mul","line":31,"loc":{"start":{"line":31,"column":4},"end":{"line":33,"column":4}}},"9":{"name":"div","line":34,"loc":{"start":{"line":34,"column":4},"end":{"line":36,"column":4}}},"10":{"name":"div","line":37,"loc":{"start":{"line":37,"column":4},"end":{"line":39,"column":4}}},"11":{"name":"mod","line":40,"loc":{"start":{"line":40,"column":4},"end":{"line":42,"column":4}}},"12":{"name":"mod","line":43,"loc":{"start":{"line":43,"column":4},"end":{"line":46,"column":4}}},"13":{"name":"sqrt","line":47,"loc":{"start":{"line":47,"column":4},"end":{"line":58,"column":4}}}},"statementMap":{"1":{"start":{"line":9,"column":8},"end":{"line":9,"column":33}},"2":{"start":{"line":12,"column":8},"end":{"line":12,"column":32}},"3":{"start":{"line":16,"column":8},"end":{"line":16,"column":42}},"4":{"start":{"line":20,"column":8},"end":{"line":20,"column":60}},"5":{"start":{"line":23,"column":8},"end":{"line":23,"column":62}},"6":{"start":{"line":26,"column":8},"end":{"line":26,"column":52}},"7":{"start":{"line":29,"column":8},"end":{"line":29,"column":45}},"8":{"start":{"line":32,"column":8},"end":{"line":32,"column":89}},"9":{"start":{"line":35,"column":8},"end":{"line":35,"column":51}},"10":{"start":{"line":38,"column":8},"end":{"line":38,"column":70}},"11":{"start":{"line":41,"column":8},"end":{"line":41,"column":51}},"12":{"start":{"line":44,"column":8},"end":{"line":44,"column":32}},"13":{"start":{"line":45,"column":8},"end":{"line":45,"column":22}},"14":{"start":{"line":48,"column":8},"end":{"line":48,"column":2013}},"15":{"start":{"line":49,"column":12},"end":{"line":49,"column":18}},"16":{"start":{"line":50,"column":12},"end":{"line":50,"column":31}},"17":{"start":{"line":51,"column":12},"end":{"line":51,"column":2097}},"18":{"start":{"line":52,"column":16},"end":{"line":52,"column":21}},"19":{"start":{"line":53,"column":16},"end":{"line":53,"column":35}},"20":{"start":{"line":55,"column":15},"end":{"line":55,"column":2201}},"21":{"start":{"line":56,"column":12},"end":{"line":56,"column":17}}},"branchMap":{"1":{"line":23,"type":"if","locations":[{"start":{"line":23,"column":8},"end":{"line":23,"column":8}},{"start":{"line":23,"column":8},"end":{"line":23,"column":8}}]},"2":{"line":29,"type":"if","locations":[{"start":{"line":29,"column":8},"end":{"line":29,"column":8}},{"start":{"line":29,"column":8},"end":{"line":29,"column":8}}]},"3":{"line":32,"type":"if","locations":[{"start":{"line":32,"column":8},"end":{"line":32,"column":8}},{"start":{"line":32,"column":8},"end":{"line":32,"column":8}}]},"4":{"line":38,"type":"if","locations":[{"start":{"line":38,"column":8},"end":{"line":38,"column":8}},{"start":{"line":38,"column":8},"end":{"line":38,"column":8}}]},"5":{"line":44,"type":"if","locations":[{"start":{"line":44,"column":8},"end":{"line":44,"column":8}},{"start":{"line":44,"column":8},"end":{"line":44,"column":8}}]},"6":{"line":48,"type":"if","locations":[{"start":{"line":48,"column":8},"end":{"line":48,"column":8}},{"start":{"line":48,"column":8},"end":{"line":48,"column":8}}]},"7":{"line":55,"type":"if","locations":[{"start":{"line":55,"column":15},"end":{"line":55,"column":15}},{"start":{"line":55,"column":15},"end":{"line":55,"column":15}}]}}}}