{"contracts/Locker.sol":{"l":{"14":0,"17":0,"18":0,"19":0,"20":0},"path":"/media/sdc1/GitClient/swappet/lib/contracts/Locker.sol","s":{"1":0,"2":0,"3":0,"4":0},"b":{"1":[0,0]},"f":{"1":0,"2":0},"fnMap":{"1":{"name":"constructor","line":13,"loc":{"start":{"line":13,"column":4},"end":{"line":15,"column":4}}},"2":{"name":"lock","line":16,"loc":{"start":{"line":16,"column":4},"end":{"line":21,"column":4}}}},"statementMap":{"1":{"start":{"line":14,"column":8},"end":{"line":14,"column":16}},"2":{"start":{"line":17,"column":8},"end":{"line":17,"column":70}},"3":{"start":{"line":18,"column":8},"end":{"line":18,"column":16}},"4":{"start":{"line":20,"column":8},"end":{"line":20,"column":16}}},"branchMap":{"1":{"line":17,"type":"if","locations":[{"start":{"line":17,"column":8},"end":{"line":17,"column":8}},{"start":{"line":17,"column":8},"end":{"line":17,"column":8}}]}}},"contracts/SafeCast.sol":{"l":{"16":0,"17":0,"22":0,"23":0,"28":0,"29":0,"34":0,"35":0,"40":0,"41":0,"46":0,"47":0,"52":0,"53":0,"57":0,"58":0,"63":0,"64":0,"69":0,"70":0,"75":0,"76":0,"81":0,"82":0},"path":"/media/sdc1/GitClient/swappet/lib/contracts/SafeCast.sol","s":{"1":0,"2":0,"3":0,"4":0,"5":0,"6":0,"7":0,"8":0,"9":0,"10":0,"11":0,"12":0,"13":0,"14":0,"15":0,"16":0,"17":0,"18":0,"19":0,"20":0,"21":0,"22":0,"23":0,"24":0},"b":{"1":[0,0],"2":[0,0],"3":[0,0],"4":[0,0],"5":[0,0],"6":[0,0],"7":[0,0],"8":[0,0],"9":[0,0],"10":[0,0],"11":[0,0],"12":[0,0]},"f":{"1":0,"2":0,"3":0,"4":0,"5":0,"6":0,"7":0,"8":0,"9":0,"10":0,"11":0,"12":0},"fnMap":{"1":{"name":"toInt256","line":15,"loc":{"start":{"line":15,"column":4},"end":{"line":18,"column":4}}},"2":{"name":"toInt128","line":21,"loc":{"start":{"line":21,"column":4},"end":{"line":24,"column":4}}},"3":{"name":"toInt64","line":27,"loc":{"start":{"line":27,"column":4},"end":{"line":30,"column":4}}},"4":{"name":"toInt32","line":33,"loc":{"start":{"line":33,"column":4},"end":{"line":36,"column":4}}},"5":{"name":"toInt16","line":39,"loc":{"start":{"line":39,"column":4},"end":{"line":42,"column":4}}},"6":{"name":"toInt8","line":45,"loc":{"start":{"line":45,"column":4},"end":{"line":48,"column":4}}},"7":{"name":"toUint256","line":51,"loc":{"start":{"line":51,"column":4},"end":{"line":54,"column":4}}},"8":{"name":"toUint128","line":56,"loc":{"start":{"line":56,"column":4},"end":{"line":59,"column":4}}},"9":{"name":"toUint64","line":62,"loc":{"start":{"line":62,"column":4},"end":{"line":65,"column":4}}},"10":{"name":"toUint32","line":68,"loc":{"start":{"line":68,"column":4},"end":{"line":71,"column":4}}},"11":{"name":"toUint16","line":74,"loc":{"start":{"line":74,"column":4},"end":{"line":77,"column":4}}},"12":{"name":"toUint8","line":80,"loc":{"start":{"line":80,"column":4},"end":{"line":83,"column":4}}}},"statementMap":{"1":{"start":{"line":16,"column":8},"end":{"line":16,"column":65}},"2":{"start":{"line":17,"column":8},"end":{"line":17,"column":28}},"3":{"start":{"line":22,"column":8},"end":{"line":22,"column":87}},"4":{"start":{"line":23,"column":8},"end":{"line":23,"column":28}},"5":{"start":{"line":28,"column":8},"end":{"line":28,"column":84}},"6":{"start":{"line":29,"column":8},"end":{"line":29,"column":27}},"7":{"start":{"line":34,"column":8},"end":{"line":34,"column":84}},"8":{"start":{"line":35,"column":8},"end":{"line":35,"column":27}},"9":{"start":{"line":40,"column":8},"end":{"line":40,"column":84}},"10":{"start":{"line":41,"column":8},"end":{"line":41,"column":27}},"11":{"start":{"line":46,"column":8},"end":{"line":46,"column":81}},"12":{"start":{"line":47,"column":8},"end":{"line":47,"column":26}},"13":{"start":{"line":52,"column":8},"end":{"line":52,"column":62}},"14":{"start":{"line":53,"column":8},"end":{"line":53,"column":29}},"15":{"start":{"line":57,"column":8},"end":{"line":57,"column":67}},"16":{"start":{"line":58,"column":8},"end":{"line":58,"column":29}},"17":{"start":{"line":63,"column":8},"end":{"line":63,"column":65}},"18":{"start":{"line":64,"column":8},"end":{"line":64,"column":28}},"19":{"start":{"line":69,"column":8},"end":{"line":69,"column":65}},"20":{"start":{"line":70,"column":8},"end":{"line":70,"column":28}},"21":{"start":{"line":75,"column":8},"end":{"line":75,"column":65}},"22":{"start":{"line":76,"column":8},"end":{"line":76,"column":28}},"23":{"start":{"line":81,"column":8},"end":{"line":81,"column":63}},"24":{"start":{"line":82,"column":8},"end":{"line":82,"column":27}}},"branchMap":{"1":{"line":16,"type":"if","locations":[{"start":{"line":16,"column":8},"end":{"line":16,"column":8}},{"start":{"line":16,"column":8},"end":{"line":16,"column":8}}]},"2":{"line":22,"type":"if","locations":[{"start":{"line":22,"column":8},"end":{"line":22,"column":8}},{"start":{"line":22,"column":8},"end":{"line":22,"column":8}}]},"3":{"line":28,"type":"if","locations":[{"start":{"line":28,"column":8},"end":{"line":28,"column":8}},{"start":{"line":28,"column":8},"end":{"line":28,"column":8}}]},"4":{"line":34,"type":"if","locations":[{"start":{"line":34,"column":8},"end":{"line":34,"column":8}},{"start":{"line":34,"column":8},"end":{"line":34,"column":8}}]},"5":{"line":40,"type":"if","locations":[{"start":{"line":40,"column":8},"end":{"line":40,"column":8}},{"start":{"line":40,"column":8},"end":{"line":40,"column":8}}]},"6":{"line":46,"type":"if","locations":[{"start":{"line":46,"column":8},"end":{"line":46,"column":8}},{"start":{"line":46,"column":8},"end":{"line":46,"column":8}}]},"7":{"line":52,"type":"if","locations":[{"start":{"line":52,"column":8},"end":{"line":52,"column":8}},{"start":{"line":52,"column":8},"end":{"line":52,"column":8}}]},"8":{"line":57,"type":"if","locations":[{"start":{"line":57,"column":8},"end":{"line":57,"column":8}},{"start":{"line":57,"column":8},"end":{"line":57,"column":8}}]},"9":{"line":63,"type":"if","locations":[{"start":{"line":63,"column":8},"end":{"line":63,"column":8}},{"start":{"line":63,"column":8},"end":{"line":63,"column":8}}]},"10":{"line":69,"type":"if","locations":[{"start":{"line":69,"column":8},"end":{"line":69,"column":8}},{"start":{"line":69,"column":8},"end":{"line":69,"column":8}}]},"11":{"line":75,"type":"if","locations":[{"start":{"line":75,"column":8},"end":{"line":75,"column":8}},{"start":{"line":75,"column":8},"end":{"line":75,"column":8}}]},"12":{"line":81,"type":"if","locations":[{"start":{"line":81,"column":8},"end":{"line":81,"column":8}},{"start":{"line":81,"column":8},"end":{"line":81,"column":8}}]}}},"contracts/SafeMath.sol":{"l":{"9":0,"12":0,"16":0,"20":0,"23":0,"26":0,"29":0,"32":0,"35":0,"38":0,"41":0,"44":0,"45":0,"48":0,"49":0,"50":0,"51":0,"52":0,"53":0,"56":0},"path":"/media/sdc1/GitClient/swappet/lib/contracts/SafeMath.sol","s":{"1":0,"2":0,"3":0,"4":0,"5":0,"6":0,"7":0,"8":0,"9":0,"10":0,"11":0,"12":0,"13":0,"14":0,"15":0,"16":0,"17":0,"18":0,"19":0,"20":0,"21":0},"b":{"1":[0,0],"2":[0,0],"3":[0,0],"4":[0,0],"5":[0,0],"6":[0,0],"7":[0,0]},"f":{"1":0,"2":0,"3":0,"4":0,"5":0,"6":0,"7":0,"8":0,"9":0,"10":0,"11":0,"12":0,"13":0},"fnMap":{"1":{"name":"max","line":8,"loc":{"start":{"line":8,"column":4},"end":{"line":10,"column":4}}},"2":{"name":"min","line":11,"loc":{"start":{"line":11,"column":4},"end":{"line":13,"column":4}}},"3":{"name":"twins","line":15,"loc":{"start":{"line":15,"column":4},"end":{"line":17,"column":4}}},"4":{"name":"avg","line":19,"loc":{"start":{"line":19,"column":4},"end":{"line":21,"column":4}}},"5":{"name":"add","line":22,"loc":{"start":{"line":22,"column":4},"end":{"line":24,"column":4}}},"6":{"name":"sub","line":25,"loc":{"start":{"line":25,"column":4},"end":{"line":27,"column":4}}},"7":{"name":"sub","line":28,"loc":{"start":{"line":28,"column":4},"end":{"line":30,"column":4}}},"8":{"name":"mul","line":31,"loc":{"start":{"line":31,"column":4},"end":{"line":33,"column":4}}},"9":{"name":"div","line":34,"loc":{"start":{"line":34,"column":4},"end":{"line":36,"column":4}}},"10":{"name":"div","line":37,"loc":{"start":{"line":37,"column":4},"end":{"line":39,"column":4}}},"11":{"name":"mod","line":40,"loc":{"start":{"line":40,"column":4},"end":{"line":42,"column":4}}},"12":{"name":"mod","line":43,"loc":{"start":{"line":43,"column":4},"end":{"line":46,"column":4}}},"13":{"name":"sqrt","line":47,"loc":{"start":{"line":47,"column":4},"end":{"line":58,"column":4}}}},"statementMap":{"1":{"start":{"line":9,"column":8},"end":{"line":9,"column":33}},"2":{"start":{"line":12,"column":8},"end":{"line":12,"column":32}},"3":{"start":{"line":16,"column":8},"end":{"line":16,"column":42}},"4":{"start":{"line":20,"column":8},"end":{"line":20,"column":60}},"5":{"start":{"line":23,"column":8},"end":{"line":23,"column":62}},"6":{"start":{"line":26,"column":8},"end":{"line":26,"column":52}},"7":{"start":{"line":29,"column":8},"end":{"line":29,"column":45}},"8":{"start":{"line":32,"column":8},"end":{"line":32,"column":89}},"9":{"start":{"line":35,"column":8},"end":{"line":35,"column":51}},"10":{"start":{"line":38,"column":8},"end":{"line":38,"column":70}},"11":{"start":{"line":41,"column":8},"end":{"line":41,"column":51}},"12":{"start":{"line":44,"column":8},"end":{"line":44,"column":32}},"13":{"start":{"line":45,"column":8},"end":{"line":45,"column":22}},"14":{"start":{"line":48,"column":8},"end":{"line":48,"column":2013}},"15":{"start":{"line":49,"column":12},"end":{"line":49,"column":18}},"16":{"start":{"line":50,"column":12},"end":{"line":50,"column":31}},"17":{"start":{"line":51,"column":12},"end":{"line":51,"column":2097}},"18":{"start":{"line":52,"column":16},"end":{"line":52,"column":21}},"19":{"start":{"line":53,"column":16},"end":{"line":53,"column":35}},"20":{"start":{"line":55,"column":15},"end":{"line":55,"column":2201}},"21":{"start":{"line":56,"column":12},"end":{"line":56,"column":17}}},"branchMap":{"1":{"line":23,"type":"if","locations":[{"start":{"line":23,"column":8},"end":{"line":23,"column":8}},{"start":{"line":23,"column":8},"end":{"line":23,"column":8}}]},"2":{"line":29,"type":"if","locations":[{"start":{"line":29,"column":8},"end":{"line":29,"column":8}},{"start":{"line":29,"column":8},"end":{"line":29,"column":8}}]},"3":{"line":32,"type":"if","locations":[{"start":{"line":32,"column":8},"end":{"line":32,"column":8}},{"start":{"line":32,"column":8},"end":{"line":32,"column":8}}]},"4":{"line":38,"type":"if","locations":[{"start":{"line":38,"column":8},"end":{"line":38,"column":8}},{"start":{"line":38,"column":8},"end":{"line":38,"column":8}}]},"5":{"line":44,"type":"if","locations":[{"start":{"line":44,"column":8},"end":{"line":44,"column":8}},{"start":{"line":44,"column":8},"end":{"line":44,"column":8}}]},"6":{"line":48,"type":"if","locations":[{"start":{"line":48,"column":8},"end":{"line":48,"column":8}},{"start":{"line":48,"column":8},"end":{"line":48,"column":8}}]},"7":{"line":55,"type":"if","locations":[{"start":{"line":55,"column":15},"end":{"line":55,"column":15}},{"start":{"line":55,"column":15},"end":{"line":55,"column":15}}]}}},"contracts/SignedSafeMath.sol":{"l":{"10":0,"13":0,"17":0,"21":0,"24":0,"25":0,"27":0,"28":0,"29":0,"30":0,"33":0,"34":0,"35":0,"36":0,"39":0,"40":0,"41":0,"44":0,"45":0,"46":0},"path":"/media/sdc1/GitClient/swappet/lib/contracts/SignedSafeMath.sol","s":{"1":0,"2":0,"3":0,"4":0,"5":0,"6":0,"7":0,"8":0,"9":0,"10":0,"11":0,"12":0,"13":0,"14":0,"15":0,"16":0,"17":0,"18":0,"19":0,"20":0},"b":{"1":[0,0],"2":[0,0],"3":[0,0],"4":[0,0],"5":[0,0],"6":[0,0],"7":[0,0]},"f":{"1":0,"2":0,"3":0,"4":0,"5":0,"6":0,"7":0,"8":0},"fnMap":{"1":{"name":"max","line":9,"loc":{"start":{"line":9,"column":4},"end":{"line":11,"column":4}}},"2":{"name":"min","line":12,"loc":{"start":{"line":12,"column":4},"end":{"line":14,"column":4}}},"3":{"name":"twins","line":16,"loc":{"start":{"line":16,"column":4},"end":{"line":18,"column":4}}},"4":{"name":"avg","line":20,"loc":{"start":{"line":20,"column":4},"end":{"line":22,"column":4}}},"5":{"name":"mul","line":23,"loc":{"start":{"line":23,"column":4},"end":{"line":31,"column":4}}},"6":{"name":"div","line":32,"loc":{"start":{"line":32,"column":4},"end":{"line":37,"column":4}}},"7":{"name":"sub","line":38,"loc":{"start":{"line":38,"column":4},"end":{"line":42,"column":4}}},"8":{"name":"add","line":43,"loc":{"start":{"line":43,"column":4},"end":{"line":47,"column":4}}}},"statementMap":{"1":{"start":{"line":10,"column":8},"end":{"line":10,"column":33}},"2":{"start":{"line":13,"column":8},"end":{"line":13,"column":32}},"3":{"start":{"line":17,"column":8},"end":{"line":17,"column":42}},"4":{"start":{"line":21,"column":8},"end":{"line":21,"column":60}},"5":{"start":{"line":24,"column":8},"end":{"line":24,"column":909}},"6":{"start":{"line":25,"column":12},"end":{"line":25,"column":20}},"7":{"start":{"line":27,"column":8},"end":{"line":27,"column":80}},"8":{"start":{"line":28,"column":8},"end":{"line":28,"column":24}},"9":{"start":{"line":29,"column":8},"end":{"line":29,"column":61}},"10":{"start":{"line":30,"column":8},"end":{"line":30,"column":17}},"11":{"start":{"line":33,"column":8},"end":{"line":33,"column":54}},"12":{"start":{"line":34,"column":8},"end":{"line":34,"column":80}},"13":{"start":{"line":35,"column":8},"end":{"line":35,"column":24}},"14":{"start":{"line":36,"column":8},"end":{"line":36,"column":17}},"15":{"start":{"line":39,"column":8},"end":{"line":39,"column":24}},"16":{"start":{"line":40,"column":8},"end":{"line":40,"column":92}},"17":{"start":{"line":41,"column":8},"end":{"line":41,"column":17}},"18":{"start":{"line":44,"column":8},"end":{"line":44,"column":24}},"19":{"start":{"line":45,"column":8},"end":{"line":45,"column":92}},"20":{"start":{"line":46,"column":8},"end":{"line":46,"column":17}}},"branchMap":{"1":{"line":24,"type":"if","locations":[{"start":{"line":24,"column":8},"end":{"line":24,"column":8}},{"start":{"line":24,"column":8},"end":{"line":24,"column":8}}]},"2":{"line":27,"type":"if","locations":[{"start":{"line":27,"column":8},"end":{"line":27,"column":8}},{"start":{"line":27,"column":8},"end":{"line":27,"column":8}}]},"3":{"line":29,"type":"if","locations":[{"start":{"line":29,"column":8},"end":{"line":29,"column":8}},{"start":{"line":29,"column":8},"end":{"line":29,"column":8}}]},"4":{"line":33,"type":"if","locations":[{"start":{"line":33,"column":8},"end":{"line":33,"column":8}},{"start":{"line":33,"column":8},"end":{"line":33,"column":8}}]},"5":{"line":34,"type":"if","locations":[{"start":{"line":34,"column":8},"end":{"line":34,"column":8}},{"start":{"line":34,"column":8},"end":{"line":34,"column":8}}]},"6":{"line":40,"type":"if","locations":[{"start":{"line":40,"column":8},"end":{"line":40,"column":8}},{"start":{"line":40,"column":8},"end":{"line":40,"column":8}}]},"7":{"line":45,"type":"if","locations":[{"start":{"line":45,"column":8},"end":{"line":45,"column":8}},{"start":{"line":45,"column":8},"end":{"line":45,"column":8}}]}}}}